<?xml version="1.0" encoding="UTF-8"?>
<!-- Generated by org.testng.reporters.JUnitXMLReporter -->
<testsuite ignored="0" hostname="DESKTOP-54IUH48" failures="0" tests="2" name="Default test" time="0.296" errors="0" timestamp="2022-11-04T21:32:47 IST">
  <testcase classname="testpack.VerifyForgetAccLinkAndLogInPage" name="@BeforeTest launchTheBrowser" time="-1.667577767284E9">
    <failure type="org.testng.TestNGException" message="
Parameter &amp;apos;browser&amp;apos; is required by BeforeTest on method launchTheBrowser but has not been marked @Optional or defined
in C:\Users\Smart\AppData\Local\Temp\testng-eclipse--75355404\testng-customsuite.xml">
      <![CDATA[org.testng.TestNGException: 
Parameter 'browser' is required by BeforeTest on method launchTheBrowser but has not been marked @Optional or defined
in C:\Users\Smart\AppData\Local\Temp\testng-eclipse--75355404\testng-customsuite.xml
at org.testng.internal.Parameters.createParams(Parameters.java:270)
at org.testng.internal.Parameters.createParametersForMethod(Parameters.java:358)
at org.testng.internal.Parameters.createParameters(Parameters.java:700)
at org.testng.internal.Parameters.createConfigurationParameters(Parameters.java:168)
at org.testng.internal.ConfigInvoker.invokeConfigurations(ConfigInvoker.java:302)
at org.testng.TestRunner.invokeTestConfigurations(TestRunner.java:637)
at org.testng.TestRunner.beforeRun(TestRunner.java:627)
at org.testng.TestRunner.run(TestRunner.java:589)
at org.testng.SuiteRunner.runTest(SuiteRunner.java:377)
at org.testng.SuiteRunner.runSequentially(SuiteRunner.java:371)
at org.testng.SuiteRunner.privateRun(SuiteRunner.java:332)
at org.testng.SuiteRunner.run(SuiteRunner.java:276)
at org.testng.SuiteRunnerWorker.runSuite(SuiteRunnerWorker.java:53)
at org.testng.SuiteRunnerWorker.run(SuiteRunnerWorker.java:96)
at org.testng.TestNG.runSuitesSequentially(TestNG.java:1212)
at org.testng.TestNG.runSuitesLocally(TestNG.java:1134)
at org.testng.TestNG.runSuites(TestNG.java:1063)
at org.testng.TestNG.run(TestNG.java:1031)
at org.testng.remote.AbstractRemoteTestNG.run(AbstractRemoteTestNG.java:115)
at org.testng.remote.RemoteTestNG.initAndRun(RemoteTestNG.java:251)
at org.testng.remote.RemoteTestNG.main(RemoteTestNG.java:77)
]]>
    </failure>
  </testcase> <!-- @BeforeTest launchTheBrowser -->
  <testcase classname="testpack.VerifyForgetAccLinkAndLogInPage" name="@BeforeClass createPOMobjects" time="-1.667577767467E9">
    <skipped/>
  </testcase> <!-- @BeforeClass createPOMobjects -->
  <testcase classname="testpack.VerifyForgetAccLinkAndLogInPage" name="@BeforeMethod openFacebookHomePage" time="-1.667577767492E9">
    <skipped/>
  </testcase> <!-- @BeforeMethod openFacebookHomePage -->
  <testcase classname="testpack.VerifyForgetAccLinkAndLogInPage" name="@AfterMethod logoutFromFacebook" time="-1.667577767502E9">
    <skipped/>
  </testcase> <!-- @AfterMethod logoutFromFacebook -->
  <testcase classname="testpack.VerifyForgetAccLinkAndLogInPage" name="@BeforeMethod openFacebookHomePage" time="-1.667577767539E9">
    <skipped/>
  </testcase> <!-- @BeforeMethod openFacebookHomePage -->
  <testcase classname="testpack.VerifyForgetAccLinkAndLogInPage" name="@AfterMethod logoutFromFacebook" time="-1.667577767555E9">
    <skipped/>
  </testcase> <!-- @AfterMethod logoutFromFacebook -->
  <testcase classname="testpack.VerifyForgetAccLinkAndLogInPage" name="@AfterClass clearObject" time="-1.667577767563E9">
    <skipped/>
  </testcase> <!-- @AfterClass clearObject -->
  <testcase classname="testpack.VerifyForgetAccLinkAndLogInPage" name="@AfterTest closeTheBrowser" time="-1.667577767568E9">
    <skipped/>
  </testcase> <!-- @AfterTest closeTheBrowser -->
  <testcase classname="testpack.VerifyForgetAccLinkAndLogInPage" name="VerifyForgetAccLink" time="0.0">
    <skipped/>
  </testcase> <!-- VerifyForgetAccLink -->
  <testcase classname="testpack.VerifyForgetAccLinkAndLogInPage" name="VerifyLoginFuncationlity" time="0.0">
    <skipped/>
  </testcase> <!-- VerifyLoginFuncationlity -->
</testsuite> <!-- Default test -->
