<?xml version="1.0" encoding="UTF-8"?>
<!-- Generated by org.testng.reporters.JUnitXMLReporter -->
<testsuite ignored="0" hostname="DESKTOP-54IUH48" failures="1" tests="4" name="Chrometest" time="103.462" errors="0" timestamp="2022-11-07T18:56:54 IST">
  <testcase classname="testpack.VerifySignupAndLangaugeChange" name="VerifySignUpPageFuncationlity" time="13.449"/>
  <testcase classname="testpack.VerifyForgetAccLinkAndLogInPage" name="VerifyForgetAccLink" time="19.735">
    <failure type="java.lang.AssertionError" message="expected [false] but found [true]">
      <![CDATA[java.lang.AssertionError: expected [false] but found [true]
at testpack.VerifyForgetAccLinkAndLogInPage.VerifyForgetAccLink(VerifyForgetAccLinkAndLogInPage.java:92)
at java.base/java.util.concurrent.ThreadPoolExecutor.runWorker(ThreadPoolExecutor.java:1136)
at java.base/java.util.concurrent.ThreadPoolExecutor$Worker.run(ThreadPoolExecutor.java:635)
at java.base/java.lang.Thread.run(Thread.java:833)
... Removed 16 stack frames]]>
    </failure>
  </testcase> <!-- VerifyForgetAccLink -->
  <testcase classname="testpack.VerifyForgetAccLinkAndLogInPage" name="VerifyLoginFuncationlity" time="11.248"/>
  <testcase classname="testpack.VerifySignupAndLangaugeChange" name="VerifyLangaugeChangeFuncationality" time="22.916"/>
</testsuite> <!-- Chrometest -->
