<?xml version="1.0" encoding="UTF-8"?>
<!-- Generated by org.testng.reporters.JUnitXMLReporter -->
<testsuite ignored="0" hostname="DESKTOP-54IUH48" failures="0" tests="4" name="Firefoxtest" time="0.212" errors="0" timestamp="2022-11-01T22:39:40 IST">
  <testcase classname="testpack.VerifyForgetAccLinkAndLogInPage" name="@BeforeTest launchTheBrowser" time="0.109">
    <failure type="java.lang.IllegalStateException" message="The driver executable does not exist: C:\Users\Smart\Desktop\Automation\geckodriver.exe">
      <![CDATA[java.lang.IllegalStateException: The driver executable does not exist: C:\Users\Smart\Desktop\Automation\geckodriver.exe
at com.google.common.base.Preconditions.checkState(Preconditions.java:585)
at org.openqa.selenium.remote.service.DriverService.checkExecutable(DriverService.java:146)
at org.openqa.selenium.remote.service.DriverService.findExecutable(DriverService.java:141)
at org.openqa.selenium.firefox.GeckoDriverService.access$100(GeckoDriverService.java:44)
at org.openqa.selenium.firefox.GeckoDriverService$Builder.findDefaultExecutable(GeckoDriverService.java:167)
at org.openqa.selenium.remote.service.DriverService$Builder.build(DriverService.java:355)
at org.openqa.selenium.firefox.FirefoxDriver.toExecutor(FirefoxDriver.java:190)
at org.openqa.selenium.firefox.FirefoxDriver.<init>(FirefoxDriver.java:147)
at org.openqa.selenium.firefox.FirefoxDriver.<init>(FirefoxDriver.java:125)
at setup.Base.openFirefoxBrowser(Base.java:23)
at testpack.VerifyForgetAccLinkAndLogInPage.launchTheBrowser(VerifyForgetAccLinkAndLogInPage.java:47)
... Removed 22 stack frames]]>
    </failure>
  </testcase> <!-- @BeforeTest launchTheBrowser -->
  <testcase classname="testpack.VerifySignupAndLangaugeChange" name="@BeforeTest launchTheBrowser" time="-1.667322580777E9">
    <skipped/>
  </testcase> <!-- @BeforeTest launchTheBrowser -->
  <testcase classname="testpack.VerifySignupAndLangaugeChange" name="@BeforeClass createPOMobjects" time="-1.667322580786E9">
    <skipped/>
  </testcase> <!-- @BeforeClass createPOMobjects -->
  <testcase classname="testpack.VerifyForgetAccLinkAndLogInPage" name="@BeforeClass createPOMobjects" time="-1.667322580786E9">
    <skipped/>
  </testcase> <!-- @BeforeClass createPOMobjects -->
  <testcase classname="testpack.VerifyForgetAccLinkAndLogInPage" name="@BeforeMethod openFacebookHomePage" time="-1.667322580791E9">
    <skipped/>
  </testcase> <!-- @BeforeMethod openFacebookHomePage -->
  <testcase classname="testpack.VerifySignupAndLangaugeChange" name="@BeforeMethod openFacebookHomePage" time="-1.667322580792E9">
    <skipped/>
  </testcase> <!-- @BeforeMethod openFacebookHomePage -->
  <testcase classname="testpack.VerifyForgetAccLinkAndLogInPage" name="@AfterMethod logoutFromFacebook" time="-1.667322580816E9">
    <skipped/>
  </testcase> <!-- @AfterMethod logoutFromFacebook -->
  <testcase classname="testpack.VerifySignupAndLangaugeChange" name="@AfterMethod logoutFromFacebook" time="-1.667322580814E9">
    <skipped/>
  </testcase> <!-- @AfterMethod logoutFromFacebook -->
  <testcase classname="testpack.VerifyForgetAccLinkAndLogInPage" name="@BeforeMethod openFacebookHomePage" time="-1.66732258082E9">
    <skipped/>
  </testcase> <!-- @BeforeMethod openFacebookHomePage -->
  <testcase classname="testpack.VerifyForgetAccLinkAndLogInPage" name="@AfterMethod logoutFromFacebook" time="-1.667322580826E9">
    <skipped/>
  </testcase> <!-- @AfterMethod logoutFromFacebook -->
  <testcase classname="testpack.VerifySignupAndLangaugeChange" name="@BeforeMethod openFacebookHomePage" time="-1.667322580827E9">
    <skipped/>
  </testcase> <!-- @BeforeMethod openFacebookHomePage -->
  <testcase classname="testpack.VerifyForgetAccLinkAndLogInPage" name="@AfterClass clearObject" time="-1.667322580836E9">
    <skipped/>
  </testcase> <!-- @AfterClass clearObject -->
  <testcase classname="testpack.VerifySignupAndLangaugeChange" name="@AfterMethod logoutFromFacebook" time="-1.667322580849E9">
    <skipped/>
  </testcase> <!-- @AfterMethod logoutFromFacebook -->
  <testcase classname="testpack.VerifySignupAndLangaugeChange" name="@AfterClass clearObject" time="-1.667322580852E9">
    <skipped/>
  </testcase> <!-- @AfterClass clearObject -->
  <testcase classname="testpack.VerifyForgetAccLinkAndLogInPage" name="@AfterTest closeTheBrowser" time="-1.667322580857E9">
    <skipped/>
  </testcase> <!-- @AfterTest closeTheBrowser -->
  <testcase classname="testpack.VerifySignupAndLangaugeChange" name="@AfterTest closeTheBrowser" time="-1.667322580863E9">
    <skipped/>
  </testcase> <!-- @AfterTest closeTheBrowser -->
  <testcase classname="testpack.VerifySignupAndLangaugeChange" name="VerifySignUpPageFuncationlity" time="0.0">
    <skipped/>
  </testcase> <!-- VerifySignUpPageFuncationlity -->
  <testcase classname="testpack.VerifyForgetAccLinkAndLogInPage" name="VerifyForgetAccLink" time="0.0">
    <skipped/>
  </testcase> <!-- VerifyForgetAccLink -->
  <testcase classname="testpack.VerifyForgetAccLinkAndLogInPage" name="VerifyLoginFuncationlity" time="0.0">
    <skipped/>
  </testcase> <!-- VerifyLoginFuncationlity -->
  <testcase classname="testpack.VerifySignupAndLangaugeChange" name="VerifyLangaugeChangeFuncationality" time="0.0">
    <skipped/>
  </testcase> <!-- VerifyLangaugeChangeFuncationality -->
</testsuite> <!-- Firefoxtest -->
