<?xml version="1.0" encoding="UTF-8"?>
<!-- Generated by org.testng.reporters.JUnitXMLReporter -->
<testsuite ignored="0" hostname="DESKTOP-54IUH48" failures="1" tests="4" name="Operatest" time="82.723" errors="0" timestamp="2022-11-07T18:58:17 IST">
  <testcase classname="testpack.VerifySignupAndLangaugeChange" name="VerifySignUpPageFuncationlity" time="9.332"/>
  <testcase classname="testpack.VerifyForgetAccLinkAndLogInPage" name="VerifyForgetAccLink" time="12.513">
    <failure type="java.lang.AssertionError" message="expected [false] but found [true]">
      <![CDATA[java.lang.AssertionError: expected [false] but found [true]
at testpack.VerifyForgetAccLinkAndLogInPage.VerifyForgetAccLink(VerifyForgetAccLinkAndLogInPage.java:92)
at java.base/java.util.concurrent.ThreadPoolExecutor.runWorker(ThreadPoolExecutor.java:1136)
at java.base/java.util.concurrent.ThreadPoolExecutor$Worker.run(ThreadPoolExecutor.java:635)
at java.base/java.lang.Thread.run(Thread.java:833)
... Removed 16 stack frames]]>
    </failure>
  </testcase> <!-- VerifyForgetAccLink -->
  <testcase classname="testpack.VerifyForgetAccLinkAndLogInPage" name="VerifyLoginFuncationlity" time="4.024"/>
  <testcase classname="testpack.VerifySignupAndLangaugeChange" name="VerifyLangaugeChangeFuncationality" time="16.056"/>
</testsuite> <!-- Operatest -->
